No Solid Waste Releases to be considered in this check.
##Parsed VZEHSIT:
##Total number of sites in VZEHSIT: 643
##Total number of sites used (excluding duplicates): 643
##Rerouted Waste Sites:
Waste Site:                             [Listing of routed waste streams]       
216-Z-11:                               WATER     H-3       I-129     SR-90     TC-99     U         CR        NO3       CN        
216-Z-19:                               WATER     H-3       I-129     SR-90     TC-99     U         CR        NO3       CN        
216-Z-1D:                               WATER     H-3       I-129     SR-90     TC-99     U         CR        NO3       CN        
216-Z-1D-SOUTH:                         WATER     H-3       I-129     SR-90     TC-99     U         CR        NO3       CN        
216-U-14:                               WATER     H-3       I-129     SR-90     TC-99     U         CR        NO3       CN        
216-U-14-SOUTH:                         WATER     H-3       I-129     SR-90     TC-99     U         CR        NO3       CN        
216-U-10:                               WATER     H-3       I-129     SR-90     TC-99     U         CR        NO3       CN        
216-U-11:                               WATER     H-3       I-129     SR-90     TC-99     U         CR        NO3       CN        
216-B-3:                                WATER     H-3       I-129     SR-90     TC-99     U         CR        NO3       CN        
216-B-3A-RAD:                           WATER     H-3       I-129     SR-90     TC-99     U         CR        NO3       CN        
216-B-3B-RAD:                           WATER     H-3       I-129     SR-90     TC-99     U         CR        NO3       CN        
216-B-3C-RAD:                           WATER     H-3       I-129     SR-90     TC-99     U         CR        NO3       CN        
##Total number of sites in SAC: 1049
##Number of sites with data from SAC: 520
##SAC Inventory Sites with no Data (529):
100-B-15
100-B-3
100-B-8
100-C-3
100-C-6
100-D-23
100-D-24
100-D-29
100-D-3
100-D-32
100-D-40
100-D-42
100-D-43
100-D-45
100-D-47
100-D-49
100-D-53
100-D-59
100-D-60
100-D-8
100-F-10
100-F-12
100-F-19
100-F-24
100-F-29
100-F-33
100-F-36
100-F-37
100-F-38
100-F-39
100-F-9
100-H-12
100-H-13
100-H-14
100-H-31
100-H-33
100-H-34
100-H-5
100-K-1
100-K-14
100-K-2
100-K-36
100-K-38
100-K-4
100-K-42
100-K-43
100-K-46
100-K-55
100-K-56
100-K-57
100-K-6
100-K-61
100-K-62
100-K-78
100-K-80
100-N-1
100-N-29
100-N-54
100-N-55
100-N-59
100-N-62
100-N-63
100-N-64
100-N-66
116-B-7
116-D-5
116-D-8
116-DR-5
116-F-8
116-H-5
116-K-3
116-KE-4
116-KE-5
116-KE-6D
116-KW-1
116-KW-3
116-KW-4
116-N-4
118-B-1
118-B-2
118-B-3
118-B-4
118-B-5
118-B-6
118-B-7
118-B-8
118-B-9
118-C-1
118-C-3
118-C-4
118-D-1
118-D-2
118-D-3
118-D-4
118-D-5
118-D-6
118-DR-1
118-DR-2
118-F-1
118-F-2
118-F-3
118-F-4
118-F-5
118-F-6
118-F-7
118-F-8
118-H-1
118-H-2
118-H-3
118-H-4
118-H-5
118-H-6
118-K-1
118-KE-1
118-KE-2
118-KW-1
118-KW-2
120-D-2
120-KE-2
120-KE-3
120-KW-2
120-N-1
120-N-2
120-N-3
120-N-7
122-DR-1
130-N-1
132-C-2
132-DR-2
132-F-5
141-C
1908-NE
200-E-106
200-E-115
200-E-117
200-E-121
200-E-122
200-E-123
200-E-124
200-E-125
200-E-126
200-E-127
200-E-128
200-E-129
200-E-130
200-E-136
200-E-137
200-E-138
200-E-17
200-E-30
200-E-44
200-W-104
200-W-15
200-W-20
200-W-40
200-W-43
200-W-44
200-W-45
200-W-67
200-W-69
200-W-76
200-W-83
200-W-85
200-W-86
200-W-87
200-W-90
200_ETF
201-C
202-A-WS-1
202-S
203-S_&_205-S
205-A
207-A-NORTH
207-A-SOUTH
207-B
207-S
207-T
207-U
207-Z
209-E-WS-2
212-N
212-P
212-R
213-W
216-A-29
216-A-33
216-A-34
216-A-42
216-B-2-3
216-B-3-1
216-B-3-2
216-B-3-3
216-B-59B
216-N-8
216-S-10D
216-S-11
216-S-16D
216-S-18
216-T-10
216-T-11
216-T-13
216-T-31
216-T-4-1D
216-T-4-2
216-T-4B
216-T-9
216-U-11
216-U-9
216-Z-11
216-Z-19
216-Z-1D
218-C-9
218-E-1
218-E-10
218-E-12A
218-E-12B
218-E-14
218-E-15
218-E-2
218-E-2A
218-E-4
218-E-5
218-E-5A
218-E-7
218-E-8
218-E-9
218-E-LLW
218-E-RCRA
218-W-1
218-W-11
218-W-1A
218-W-2
218-W-2A
218-W-3
218-W-3A
218-W-3AE
218-W-4A
218-W-4B
218-W-4C
218-W-5
221-B
221-B-WS-2
221-B_SDT
221-T
221-T-11-R
221-U
222-SD
224-B
224-T
224-U
225-B
231-Z
232-Z
233-S
234-5Z
241-A-101
241-A-102
241-A-106
241-AN-101
241-AN-102
241-AN-103
241-AN-104
241-AN-105
241-AN-106
241-AN-107
241-AP-101
241-AP-102
241-AP-103
241-AP-104
241-AP-105
241-AP-106
241-AP-107
241-AP-108
241-AW-101
241-AW-102
241-AW-103
241-AW-104
241-AW-105
241-AW-106
241-AX-101
241-AX-103
241-AX-104
241-AY-101
241-AY-102
241-AZ-101
241-AZ-102
241-B-101
241-B-102
241-B-103
241-B-104
241-B-105
241-B-106
241-B-108
241-B-109
241-B-111
241-B-202
241-B-361
241-BX-103
241-BX-104
241-BX-105
241-BX-106
241-BX-107
241-BX-109
241-BX-110
241-BX-111
241-BX-112
241-BY-101
241-BY-102
241-BY-104
241-BY-105
241-BY-106
241-BY-109
241-BY-110
241-BY-111
241-BY-112
241-C-102
241-C-103
241-C-104
241-C-106
241-C-107
241-C-108
241-C-109
241-C-112
241-S-101
241-S-102
241-S-103
241-S-105
241-S-106
241-S-107
241-S-108
241-S-109
241-S-110
241-S-111
241-S-112
241-SX-101
241-SX-102
241-SX-103
241-SX-105
241-SX-106
241-SX-114
241-SY-101
241-SY-102
241-SY-103
241-T-102
241-T-104
241-T-105
241-T-107
241-T-110
241-T-112
241-T-201
241-T-202
241-T-203
241-T-204
241-T-361
241-TX-101
241-TX-102
241-TX-103
241-TX-104
241-TX-105
241-TX-106
241-TX-108
241-TX-109
241-TX-110
241-TX-111
241-TX-112
241-TX-113
241-TX-114
241-TX-115
241-TX-116
241-TX-117
241-TX-118
241-TY-102
241-U-102
241-U-103
241-U-105
241-U-106
241-U-107
241-U-108
241-U-109
241-U-111
241-U-201
241-U-202
241-U-203
241-U-204
241-U-361
241-Z-361
241-Z-8
2704-C-WS-1
2711-S
2718-S
276-S
276-U
2904-SA
291-C
291-S-1
291-U
291-U-1
291-WTP
292-S
293-S
296-A-13
296-S-1
296-S-12
296-S-13
296-S-16
296-S-21
296-U-10
299-E24-111
300-121
300-123
300-16
300-2
300-214
300-24
300-249
300-25
300-251
300-255
300-262
300-264
300-265
300-270
300-28
300-33
300-39
300-4
300-40
300-48
300-80
300_RLWS
300_RRLWS
300_VTS
303-K_CWS
303-M-SA
303-M-UOF
305-B_SF
307_RB
309-WS-1
309-WS-2
313_ESSP
325_WTF
331_LSLDF
333_ESHWSA
3712_USSA
4843
600-108
600-111
600-117
600-148_EAST
600-148_WEST
600-214
600-256
600-259
600-33
600-58
600-59
618-1
618-10
618-11
618-13
618-2
618-3
618-4
618-5
618-7
618-8
618-9
B_PLANT_FILTER
GTF
GTFL
HWVP
RMWSF
TRUSAF
UPR-100-F-3
UPR-100-K-1
UPR-100-N-10
UPR-100-N-31
UPR-100-N-8
UPR-200-E-10
UPR-200-E-106
UPR-200-E-112
UPR-200-E-12
UPR-200-E-140
UPR-200-E-17
UPR-200-E-29
UPR-200-E-33
UPR-200-E-36
UPR-200-E-43
UPR-200-E-44
UPR-200-E-45
UPR-200-E-50
UPR-200-E-52
UPR-200-E-54
UPR-200-E-55
UPR-200-E-56
UPR-200-E-99
UPR-200-W-108
UPR-200-W-109
UPR-200-W-134
UPR-200-W-150
UPR-200-W-164
UPR-200-W-44
UPR-200-W-52
UPR-200-W-55
UPR-200-W-68
UPR-200-W-69
UPR-200-W-71
UPR-200-W-75
UPR-200-W-78
UPR-200-W-83
UPR-200-W-90
UPR-300-10
UPR-300-11
UPR-300-12
UPR-300-32
UPR-300-34
UPR-300-36
UPR-300-37
UPR-300-38
UPR-300-39
UPR-300-4
UPR-300-40
UPR-300-45
UPR-300-48
UPR-300-5
UPR-300-FF-1
UPR-600-12
US_ECOLOGY
WRAP
##Total number of sites included from SAC: 421
##Sites with data in SAC not present in VZEHSIT (99):
100-B-5
100-F-23
100-F-25
100-H-10
100-H-7
100-H-8
100-H-9
100-K-5
100-N-60
100B_SEWAGE_SUM
100D_SEWAGE_SUM
100F_SEWAGE_SUM
100H_SEWAGE_SUM
100K_SEWAGE_SUM
116-B-1
116-B-2
116-B-3
116-B-4
116-B-5
116-B-6A
116-B-6B
116-C-1
116-C-2A
116-C-2C
116-D-1A
116-D-1B
116-D-2
116-DR-1&2
116-DR-3
116-DR-4
116-DR-6
116-DR-8
116-F-1
116-F-10
116-F-11
116-F-16
116-F-2
116-F-3
116-F-4
116-F-5
116-F-6
116-F-7
116-F-9
116-H-1
116-H-2
116-H-3
116-H-4
116-H-6
116-H-7
116-H-9
116-K-1
116-K-2
116-KE-1
116-KE-2
116-KE-3
116-KW-2
116-N-1
116-N-3
1182_PUMPHOUSE
1199-33-18B
1199-34-15A&B
120-D-1
124-N-10
200-A_TEDF
200-E-5
200-E-7
200-E-85
200-E-9
2607-FSM
300-224
300_ASH_PITS
300_RFBP
316-1
316-2
316-3
316-4
316-5
331_LSLT2
400-11
400-7
499-S1-8J
6607-07
6607-16
6607-18
6607-5
699-ORV-1&2
N-RCH-WELL
UPR-100-F-1
UPR-100-N-1
UPR-100-N-12
UPR-100-N-25
UPR-100-N-30
UPR-100-N-35
UPR-100-N-5
UPR-100-N-7
UPR-200-E-6
UPR-300-1
UPR-300-2
WPPSS_SANITARY
##Total number of CHEMINV Sites: 359
##All CHEMINV Sites are present in VZEHSIT
##Total number of SIMV2 Waste Sites: 360
##Sites not in VZEHSIT (0):
##Merging Rerouted Sites into final dictionary
##Merging Chemical Inventory into final dictionary
##Merging SIMV2 into final dictionary
##Merging SAC into final dictionary
##All primary source data have been merged into a hashed dictionary, proceeding to check.
##Waste streams to be considered for this check:
CN        CR        H-3       I-129     NO3       SR-90     TC-99     U         WATER     
##The following sites had no inventory or water volume (after excluding extraneous sources):
200-E-136
200-E-30
200-W-20
200-W-254
200-W-44
200-W-45
201-C
202-S
212-B
216-U-14-NORTH
216-U-9
216-U-9-EAST
216-Z-1D-NORTH
218-C-9
218-E-1
218-E-10
218-E-12A
218-E-12B
218-E-14
218-E-15
218-E-2
218-E-4
218-E-5
218-E-5A
218-E-8
218-W-1
218-W-1A
218-W-2
218-W-2A
218-W-3
218-W-3A
218-W-3AE
218-W-4A
218-W-4B
218-W-4C
218-W-5
218-W-REACTOR
221-B
221-T
221-U
222-S
224-B
224-T
231-Z
232-Z
233-S
234-5Z
236-Z
241-A-101
241-A-102
241-A-106
241-A-ANC
241-AN-101
241-AN-102
241-AN-103
241-AN-104
241-AN-105
241-AN-106
241-AN-107
241-AN-ANC
241-AP-101
241-AP-102
241-AP-103
241-AP-104
241-AP-105
241-AP-106
241-AP-107
241-AP-108
241-AP-ANC
241-AW-101
241-AW-102
241-AW-103
241-AW-104
241-AW-105
241-AW-106
241-AW-ANC
241-AX-101
241-AX-103
241-AX-104
241-AX-ANC
241-AY-101
241-AY-102
241-AY-ANC
241-AZ-101
241-AZ-102
241-AZ-ANC
241-B-102
241-B-103
241-B-104
241-B-106
241-B-108
241-B-109
241-B-111
241-B-202
241-B-361
241-B-ANC
241-BX-103
241-BX-104
241-BX-105
241-BX-106
241-BX-107
241-BX-109
241-BX-110
241-BX-111
241-BX-112
241-BX-ANC
241-BY-101
241-BY-102
241-BY-104
241-BY-105
241-BY-106
241-BY-109
241-BY-110
241-BY-111
241-BY-112
241-BY-ANC
241-C-102
241-C-103
241-C-106
241-C-107
241-C-109
241-C-ANC
241-CX-72
241-S-101
241-S-102
241-S-103
241-S-105
241-S-106
241-S-107
241-S-108
241-S-109
241-S-110
241-S-111
241-S-112
241-S-ANC
241-SX-101
241-SX-102
241-SX-103
241-SX-105
241-SX-106
241-SX-ANC
241-SY-101
241-SY-102
241-SY-103
241-SY-ANC
241-T-104
241-T-105
241-T-107
241-T-110
241-T-112
241-T-201
241-T-202
241-T-203
241-T-204
241-T-361
241-T-ANC
241-TX-101
241-TX-102
241-TX-103
241-TX-106
241-TX-108
241-TX-109
241-TX-110
241-TX-111
241-TX-112
241-TX-113
241-TX-115
241-TX-116
241-TX-117
241-TX-ANC
241-TY-102
241-TY-ANC
241-U-102
241-U-103
241-U-105
241-U-106
241-U-107
241-U-108
241-U-109
241-U-111
241-U-201
241-U-202
241-U-203
241-U-204
241-U-361
241-U-ANC
241-Z
241-Z-361
241-Z-8
242-Z
2706-T
2736-Z
291-C-1
291-S
291-Z
T31
T34
TRUSAF
UPR-200-E-17
WESF
#
#
##QA-PASS (FR-1): The cie-ipp.pl output only has sites listed in the VZEHSIT.
#
#
##Output from cie-ipp.pl does not contain the following sites:
241-A-103
241-AX-102
241-B-112
241-B-201
241-B-203
241-B-204
241-BX-108
241-BY-107
241-BY-108
241-SX-104
241-SX-110
241-T-108
241-T-109
241-TY-101
241-WR VAULT
#
#
##QA-FAIL (SAC Check): the following differences were found:
241-A-103           Waste Site Missing  
241-AX-102          Waste Site Missing  
241-B-112           Waste Site Missing  
241-B-201           Waste Site Missing  
241-B-203           Waste Site Missing  
241-B-204           Waste Site Missing  
241-BX-108          Waste Site Missing  
241-BY-107          Waste Site Missing  
241-BY-108          Waste Site Missing  
241-SX-104          Waste Site Missing  
241-SX-110          Waste Site Missing  
241-T-108           Waste Site Missing  
241-T-109           Waste Site Missing  
241-TY-101          Waste Site Missing  
241-WR VAULT        Waste Site Missing  
#
#

#
#
##QA-PASS (Rerouted Sites Check)
#
#
#
#
##QA-PASS (Chemical Inventory Check)
#
#
#
#
##QA-PASS (SIMV2 Check)
#
#
