###Executing Fingerprint Tool### 
INFO--05/08/2020 10:42:24 AM--Starting CA-CIE Tool Runner.	Logging to "win64\sri_build.log"
INFO--05/08/2020 10:42:29 AM--Code Version: 6a972494db2300f4ada263b11ffd42e5490c9bf1 v2.14: S:\PSC\!HANFORD\ICF\CA-CIE-Tools\CA-CIE-Tools\pylib\runner\runner.py<--1bcfd6779e9cbdb82673405873a8e5e81514ae27

INFO--05/08/2020 10:42:32 AM--Code Version: 6a972494db2300f4ada263b11ffd42e5490c9bf1 v2.14: S:\PSC\!HANFORD\ICF\CA-CIE-Tools\CA-CIE-Tools\pylib\fingerprint\fingerprint.py<--e9692a4faec2ee264fe50417b6b6a516ba82b2f6

INFO--05/08/2020 10:42:37 AM--QA Status: QUALIFIED : S:\PSC\!HANFORD\ICF\CA-CIE-Tools\CA-CIE-Tools\pylib\runner\runner.py
INFO--05/08/2020 10:42:41 AM--QA Status: QUALIFIED : S:\PSC\!HANFORD\ICF\CA-CIE-Tools\CA-CIE-Tools\pylib\fingerprint\fingerprint.py
INFO--05/08/2020 10:42:41 AM--Invoking Command:"python"	with Arguments:"S:\PSC\!HANFORD\ICF\CA-CIE-Tools\CA-CIE-Tools\pylib\fingerprint\fingerprint.py C:\tools\ca-cie-tools\SCT\tools\surf_rate_interpolation\project\surf_rate_interp.sln --output C:\tools\ca-cie-tools\SCT\tools\surf_rate_interpolation\win64\sri_build.log --outputmode a"
INFO--05/08/2020 10:42:41 AM--Username:NPowers	Computer:PSC-Potassium	Platform:Windows 10 10.0.18362
Fingerprint generated at 2020-05-08 10:42:42.066273
C:\tools\ca-cie-tools\SCT\tools\surf_rate_interpolation\project\surf_rate_interp.sln	3981912ff415bf605b8911812dd57b9e52c4d1b7773ee49f37a0c61de05035bc

###Finished Process###  
###################### 
################################ 
###Executing Fingerprint Tool### 
INFO--05/08/2020 10:42:42 AM--Starting CA-CIE Tool Runner.	Logging to "win64\sri_build.log"
INFO--05/08/2020 10:42:47 AM--Code Version: 6a972494db2300f4ada263b11ffd42e5490c9bf1 v2.14: S:\PSC\!HANFORD\ICF\CA-CIE-Tools\CA-CIE-Tools\pylib\runner\runner.py<--1bcfd6779e9cbdb82673405873a8e5e81514ae27

INFO--05/08/2020 10:42:51 AM--Code Version: 6a972494db2300f4ada263b11ffd42e5490c9bf1 v2.14: S:\PSC\!HANFORD\ICF\CA-CIE-Tools\CA-CIE-Tools\pylib\fingerprint\fingerprint.py<--e9692a4faec2ee264fe50417b6b6a516ba82b2f6

INFO--05/08/2020 10:42:55 AM--QA Status: QUALIFIED : S:\PSC\!HANFORD\ICF\CA-CIE-Tools\CA-CIE-Tools\pylib\runner\runner.py
INFO--05/08/2020 10:42:59 AM--QA Status: QUALIFIED : S:\PSC\!HANFORD\ICF\CA-CIE-Tools\CA-CIE-Tools\pylib\fingerprint\fingerprint.py
INFO--05/08/2020 10:42:59 AM--Invoking Command:"python"	with Arguments:"S:\PSC\!HANFORD\ICF\CA-CIE-Tools\CA-CIE-Tools\pylib\fingerprint\fingerprint.py C:\tools\ca-cie-tools\SCT\tools\surf_rate_interpolation\project\packages --output C:\tools\ca-cie-tools\SCT\tools\surf_rate_interpolation\win64\sri_build.log --outputmode a"
INFO--05/08/2020 10:42:59 AM--Username:NPowers	Computer:PSC-Potassium	Platform:Windows 10 10.0.18362
Fingerprint generated at 2020-05-08 10:43:00.504443
Total for 10 files	369ed9dc3c927ff62fa5c9ab25dd8ef3b7ae680e8a0110ee809e8897bcf7252a

C:\tools\ca-cie-tools\SCT\tools\surf_rate_interpolation\project\packages\Microsoft.Office.Interop.Excel.15.0.4795.1000\Microsoft.Office.Interop.Excel.15.0.4795.1000.nupkg	f2cfd40243bfc9408e64386c4ddb2584ae0052f257d8dfb65b9d4a31a1883571
C:\tools\ca-cie-tools\SCT\tools\surf_rate_interpolation\project\packages\Microsoft.Office.Interop.Excel.15.0.4795.1000\lib\net20\Microsoft.Office.Interop.Excel.dll	d5fbf3f71c40ca63b27601b5275c1cf5dc0cfd187c972579e2100f9215a375fe
C:\tools\ca-cie-tools\SCT\tools\surf_rate_interpolation\project\packages\WindowsAPICodePack-Core.1.1.2\.signature.p7s	75b3669253499a60e23b78f72cd743d7ed091f3247b58f00a0a3e3381f79d817
C:\tools\ca-cie-tools\SCT\tools\surf_rate_interpolation\project\packages\WindowsAPICodePack-Core.1.1.2\WindowsAPICodePack-Core.1.1.2.nupkg	a136fe8ed5d929b3e8b255dd464aa309972a7482fed8d67fb106eee137805da0
C:\tools\ca-cie-tools\SCT\tools\surf_rate_interpolation\project\packages\WindowsAPICodePack-Core.1.1.2\lib\Microsoft.WindowsAPICodePack.dll	808e96f59e7dd2212eace049079d25545f6c9c3f05244ec9cdc539fda18d34d6
C:\tools\ca-cie-tools\SCT\tools\surf_rate_interpolation\project\packages\WindowsAPICodePack-Core.1.1.2\lib\Microsoft.WindowsAPICodePack.xml	c4a68fd1bd0abeb92dc6e12b99f87f35a811ec029ad6e78388d8fd858933db62
C:\tools\ca-cie-tools\SCT\tools\surf_rate_interpolation\project\packages\WindowsAPICodePack-Shell.1.1.1\.signature.p7s	a5d70a0cc0753538cfb9f972fe6e766c826396750c186df08f15abfcf8e70ddd
C:\tools\ca-cie-tools\SCT\tools\surf_rate_interpolation\project\packages\WindowsAPICodePack-Shell.1.1.1\WindowsAPICodePack-Shell.1.1.1.nupkg	d5ff417002f11bb009e09c1a05d8d39731236f0de5e427a77c2d205ae7f5d996
C:\tools\ca-cie-tools\SCT\tools\surf_rate_interpolation\project\packages\WindowsAPICodePack-Shell.1.1.1\lib\Microsoft.WindowsAPICodePack.Shell.dll	e6fa9d9e34ff3bf63ce782654b14e4b54a3abd1022c87bc099032c2948157672
C:\tools\ca-cie-tools\SCT\tools\surf_rate_interpolation\project\packages\WindowsAPICodePack-Shell.1.1.1\lib\Microsoft.WindowsAPICodePack.Shell.xml	89e0d525e6063835e19b42760f4dc9c951d13a3edd86511a2f34f6af16f63f1e
###Finished Process###  
###################### 
################################ 
###Executing Fingerprint Tool### 
INFO--05/08/2020 10:43:01 AM--Starting CA-CIE Tool Runner.	Logging to "win64\sri_build.log"
INFO--05/08/2020 10:43:05 AM--Code Version: 6a972494db2300f4ada263b11ffd42e5490c9bf1 v2.14: S:\PSC\!HANFORD\ICF\CA-CIE-Tools\CA-CIE-Tools\pylib\runner\runner.py<--1bcfd6779e9cbdb82673405873a8e5e81514ae27

INFO--05/08/2020 10:43:08 AM--Code Version: 6a972494db2300f4ada263b11ffd42e5490c9bf1 v2.14: S:\PSC\!HANFORD\ICF\CA-CIE-Tools\CA-CIE-Tools\pylib\fingerprint\fingerprint.py<--e9692a4faec2ee264fe50417b6b6a516ba82b2f6

INFO--05/08/2020 10:43:13 AM--QA Status: QUALIFIED : S:\PSC\!HANFORD\ICF\CA-CIE-Tools\CA-CIE-Tools\pylib\runner\runner.py
INFO--05/08/2020 10:43:17 AM--QA Status: QUALIFIED : S:\PSC\!HANFORD\ICF\CA-CIE-Tools\CA-CIE-Tools\pylib\fingerprint\fingerprint.py
INFO--05/08/2020 10:43:17 AM--Invoking Command:"python"	with Arguments:"S:\PSC\!HANFORD\ICF\CA-CIE-Tools\CA-CIE-Tools\pylib\fingerprint\fingerprint.py C:\tools\ca-cie-tools\SCT\tools\surf_rate_interpolation\project\stomp_extrap_modflow\app.config --output C:\tools\ca-cie-tools\SCT\tools\surf_rate_interpolation\win64\sri_build.log --outputmode a"
INFO--05/08/2020 10:43:17 AM--Username:NPowers	Computer:PSC-Potassium	Platform:Windows 10 10.0.18362
Fingerprint generated at 2020-05-08 10:43:18.158358
C:\tools\ca-cie-tools\SCT\tools\surf_rate_interpolation\project\stomp_extrap_modflow\app.config	dbe137071c1507062971ae5d07e760dbed47bd8dec3b60738966c6c7381a8505

###Finished Process###  
###################### 
################################ 
INFO--05/08/2020 10:43:19 AM--Starting CA-CIE Tool Runner.	Logging to "win64\sri_build.log"
INFO--05/08/2020 10:43:23 AM--Code Version: 6a972494db2300f4ada263b11ffd42e5490c9bf1 v2.14: S:\PSC\!HANFORD\ICF\CA-CIE-Tools\CA-CIE-Tools\pylib\runner\runner.py<--1bcfd6779e9cbdb82673405873a8e5e81514ae27

INFO--05/08/2020 10:43:28 AM--Code Version: 6a972494db2300f4ada263b11ffd42e5490c9bf1 v2.14: S:\PSC\!HANFORD\ICF\CA-CIE-Tools\CA-CIE-Tools\pylib\fingerprint\fingerprint.py<--e9692a4faec2ee264fe50417b6b6a516ba82b2f6

INFO--05/08/2020 10:43:34 AM--QA Status: QUALIFIED : S:\PSC\!HANFORD\ICF\CA-CIE-Tools\CA-CIE-Tools\pylib\runner\runner.py
INFO--05/08/2020 10:43:40 AM--QA Status: QUALIFIED : S:\PSC\!HANFORD\ICF\CA-CIE-Tools\CA-CIE-Tools\pylib\fingerprint\fingerprint.py
INFO--05/08/2020 10:43:40 AM--Invoking Command:"python"	with Arguments:"S:\PSC\!HANFORD\ICF\CA-CIE-Tools\CA-CIE-Tools\pylib\fingerprint\fingerprint.py C:\tools\ca-cie-tools\SCT\tools\surf_rate_interpolation\project\stomp_extrap_modflow\app.xaml --output C:\tools\ca-cie-tools\SCT\tools\surf_rate_interpolation\win64\sri_build.log --outputmode a"
INFO--05/08/2020 10:43:40 AM--Username:NPowers	Computer:PSC-Potassium	Platform:Windows 10 10.0.18362
Fingerprint generated at 2020-05-08 10:43:41.512791
C:\tools\ca-cie-tools\SCT\tools\surf_rate_interpolation\project\stomp_extrap_modflow\app.xaml	b24803638d31db9b7dd389de2219a35414d92c3e6f6823ae5af22285e36d81e4

###Finished Process###  
###################### 
################################ 
INFO--05/08/2020 10:43:43 AM--Starting CA-CIE Tool Runner.	Logging to "win64\sri_build.log"
INFO--05/08/2020 10:43:51 AM--Code Version: 6a972494db2300f4ada263b11ffd42e5490c9bf1 v2.14: S:\PSC\!HANFORD\ICF\CA-CIE-Tools\CA-CIE-Tools\pylib\runner\runner.py<--1bcfd6779e9cbdb82673405873a8e5e81514ae27

INFO--05/08/2020 10:43:56 AM--Code Version: 6a972494db2300f4ada263b11ffd42e5490c9bf1 v2.14: S:\PSC\!HANFORD\ICF\CA-CIE-Tools\CA-CIE-Tools\pylib\fingerprint\fingerprint.py<--e9692a4faec2ee264fe50417b6b6a516ba82b2f6

INFO--05/08/2020 10:44:03 AM--QA Status: QUALIFIED : S:\PSC\!HANFORD\ICF\CA-CIE-Tools\CA-CIE-Tools\pylib\runner\runner.py
INFO--05/08/2020 10:44:09 AM--QA Status: QUALIFIED : S:\PSC\!HANFORD\ICF\CA-CIE-Tools\CA-CIE-Tools\pylib\fingerprint\fingerprint.py
INFO--05/08/2020 10:44:09 AM--Invoking Command:"python"	with Arguments:"S:\PSC\!HANFORD\ICF\CA-CIE-Tools\CA-CIE-Tools\pylib\fingerprint\fingerprint.py C:\tools\ca-cie-tools\SCT\tools\surf_rate_interpolation\project\stomp_extrap_modflow\app.xaml.cs --output C:\tools\ca-cie-tools\SCT\tools\surf_rate_interpolation\win64\sri_build.log --outputmode a"
INFO--05/08/2020 10:44:09 AM--Username:NPowers	Computer:PSC-Potassium	Platform:Windows 10 10.0.18362
Fingerprint generated at 2020-05-08 10:44:10.191034
C:\tools\ca-cie-tools\SCT\tools\surf_rate_interpolation\project\stomp_extrap_modflow\app.xaml.cs	56ea91041a2ef908da66cfb142b436de380a11938f12a29ac1520da39b8f2da1

###Finished Process###  
###################### 
################################ 
INFO--05/08/2020 10:44:11 AM--Starting CA-CIE Tool Runner.	Logging to "win64\sri_build.log"
INFO--05/08/2020 10:44:15 AM--Code Version: 6a972494db2300f4ada263b11ffd42e5490c9bf1 v2.14: S:\PSC\!HANFORD\ICF\CA-CIE-Tools\CA-CIE-Tools\pylib\runner\runner.py<--1bcfd6779e9cbdb82673405873a8e5e81514ae27

INFO--05/08/2020 10:44:19 AM--Code Version: 6a972494db2300f4ada263b11ffd42e5490c9bf1 v2.14: S:\PSC\!HANFORD\ICF\CA-CIE-Tools\CA-CIE-Tools\pylib\fingerprint\fingerprint.py<--e9692a4faec2ee264fe50417b6b6a516ba82b2f6

INFO--05/08/2020 10:44:23 AM--QA Status: QUALIFIED : S:\PSC\!HANFORD\ICF\CA-CIE-Tools\CA-CIE-Tools\pylib\runner\runner.py
INFO--05/08/2020 10:44:28 AM--QA Status: QUALIFIED : S:\PSC\!HANFORD\ICF\CA-CIE-Tools\CA-CIE-Tools\pylib\fingerprint\fingerprint.py
INFO--05/08/2020 10:44:28 AM--Invoking Command:"python"	with Arguments:"S:\PSC\!HANFORD\ICF\CA-CIE-Tools\CA-CIE-Tools\pylib\fingerprint\fingerprint.py C:\tools\ca-cie-tools\SCT\tools\surf_rate_interpolation\project\stomp_extrap_modflow\MainWindow.xaml --output C:\tools\ca-cie-tools\SCT\tools\surf_rate_interpolation\win64\sri_build.log --outputmode a"
INFO--05/08/2020 10:44:28 AM--Username:NPowers	Computer:PSC-Potassium	Platform:Windows 10 10.0.18362
Fingerprint generated at 2020-05-08 10:44:29.092692
C:\tools\ca-cie-tools\SCT\tools\surf_rate_interpolation\project\stomp_extrap_modflow\MainWindow.xaml	1af7ce30fd231d286f913ff5b16031425e722b8c93471cbfbfa3ac73b077624c

###Finished Process###  
###################### 
################################ 
INFO--05/08/2020 10:44:29 AM--Starting CA-CIE Tool Runner.	Logging to "win64\sri_build.log"
INFO--05/08/2020 10:44:33 AM--Code Version: 6a972494db2300f4ada263b11ffd42e5490c9bf1 v2.14: S:\PSC\!HANFORD\ICF\CA-CIE-Tools\CA-CIE-Tools\pylib\runner\runner.py<--1bcfd6779e9cbdb82673405873a8e5e81514ae27

INFO--05/08/2020 10:44:37 AM--Code Version: 6a972494db2300f4ada263b11ffd42e5490c9bf1 v2.14: S:\PSC\!HANFORD\ICF\CA-CIE-Tools\CA-CIE-Tools\pylib\fingerprint\fingerprint.py<--e9692a4faec2ee264fe50417b6b6a516ba82b2f6

INFO--05/08/2020 10:44:42 AM--QA Status: QUALIFIED : S:\PSC\!HANFORD\ICF\CA-CIE-Tools\CA-CIE-Tools\pylib\runner\runner.py
INFO--05/08/2020 10:44:48 AM--QA Status: QUALIFIED : S:\PSC\!HANFORD\ICF\CA-CIE-Tools\CA-CIE-Tools\pylib\fingerprint\fingerprint.py
INFO--05/08/2020 10:44:48 AM--Invoking Command:"python"	with Arguments:"S:\PSC\!HANFORD\ICF\CA-CIE-Tools\CA-CIE-Tools\pylib\fingerprint\fingerprint.py C:\tools\ca-cie-tools\SCT\tools\surf_rate_interpolation\project\stomp_extrap_modflow\MainWindow.xaml.cs --output C:\tools\ca-cie-tools\SCT\tools\surf_rate_interpolation\win64\sri_build.log --outputmode a"
INFO--05/08/2020 10:44:48 AM--Username:NPowers	Computer:PSC-Potassium	Platform:Windows 10 10.0.18362
Fingerprint generated at 2020-05-08 10:44:49.125985
C:\tools\ca-cie-tools\SCT\tools\surf_rate_interpolation\project\stomp_extrap_modflow\MainWindow.xaml.cs	fc25465350ebdc60cb8cb0bd781dcd6a8a21af5b55d7a739983a7fe85cacd273

###Finished Process###  
###################### 
################################ 
INFO--05/08/2020 10:44:50 AM--Starting CA-CIE Tool Runner.	Logging to "win64\sri_build.log"
INFO--05/08/2020 10:44:54 AM--Code Version: 6a972494db2300f4ada263b11ffd42e5490c9bf1 v2.14: S:\PSC\!HANFORD\ICF\CA-CIE-Tools\CA-CIE-Tools\pylib\runner\runner.py<--1bcfd6779e9cbdb82673405873a8e5e81514ae27

INFO--05/08/2020 10:44:59 AM--Code Version: 6a972494db2300f4ada263b11ffd42e5490c9bf1 v2.14: S:\PSC\!HANFORD\ICF\CA-CIE-Tools\CA-CIE-Tools\pylib\fingerprint\fingerprint.py<--e9692a4faec2ee264fe50417b6b6a516ba82b2f6

INFO--05/08/2020 10:45:03 AM--QA Status: QUALIFIED : S:\PSC\!HANFORD\ICF\CA-CIE-Tools\CA-CIE-Tools\pylib\runner\runner.py
INFO--05/08/2020 10:45:08 AM--QA Status: QUALIFIED : S:\PSC\!HANFORD\ICF\CA-CIE-Tools\CA-CIE-Tools\pylib\fingerprint\fingerprint.py
INFO--05/08/2020 10:45:08 AM--Invoking Command:"python"	with Arguments:"S:\PSC\!HANFORD\ICF\CA-CIE-Tools\CA-CIE-Tools\pylib\fingerprint\fingerprint.py C:\tools\ca-cie-tools\SCT\tools\surf_rate_interpolation\project\stomp_extrap_modflow\packages.config --output C:\tools\ca-cie-tools\SCT\tools\surf_rate_interpolation\win64\sri_build.log --outputmode a"
INFO--05/08/2020 10:45:08 AM--Username:NPowers	Computer:PSC-Potassium	Platform:Windows 10 10.0.18362
Fingerprint generated at 2020-05-08 10:45:08.847788
C:\tools\ca-cie-tools\SCT\tools\surf_rate_interpolation\project\stomp_extrap_modflow\packages.config	96fe8e0913d07311a2ce92626a24436b921e86b3368f974306bc3b861b1b2ee8

###Finished Process###  
###################### 
################################ 
INFO--05/08/2020 10:45:09 AM--Starting CA-CIE Tool Runner.	Logging to "win64\sri_build.log"
INFO--05/08/2020 10:45:14 AM--Code Version: 6a972494db2300f4ada263b11ffd42e5490c9bf1 v2.14: S:\PSC\!HANFORD\ICF\CA-CIE-Tools\CA-CIE-Tools\pylib\runner\runner.py<--1bcfd6779e9cbdb82673405873a8e5e81514ae27

INFO--05/08/2020 10:45:18 AM--Code Version: 6a972494db2300f4ada263b11ffd42e5490c9bf1 v2.14: S:\PSC\!HANFORD\ICF\CA-CIE-Tools\CA-CIE-Tools\pylib\fingerprint\fingerprint.py<--e9692a4faec2ee264fe50417b6b6a516ba82b2f6

INFO--05/08/2020 10:45:22 AM--QA Status: QUALIFIED : S:\PSC\!HANFORD\ICF\CA-CIE-Tools\CA-CIE-Tools\pylib\runner\runner.py
INFO--05/08/2020 10:45:26 AM--QA Status: QUALIFIED : S:\PSC\!HANFORD\ICF\CA-CIE-Tools\CA-CIE-Tools\pylib\fingerprint\fingerprint.py
INFO--05/08/2020 10:45:26 AM--Invoking Command:"python"	with Arguments:"S:\PSC\!HANFORD\ICF\CA-CIE-Tools\CA-CIE-Tools\pylib\fingerprint\fingerprint.py C:\tools\ca-cie-tools\SCT\tools\surf_rate_interpolation\project\stomp_extrap_modflow\surf_rate_interp.csproj --output C:\tools\ca-cie-tools\SCT\tools\surf_rate_interpolation\win64\sri_build.log --outputmode a"
INFO--05/08/2020 10:45:27 AM--Username:NPowers	Computer:PSC-Potassium	Platform:Windows 10 10.0.18362
Fingerprint generated at 2020-05-08 10:45:27.744484
C:\tools\ca-cie-tools\SCT\tools\surf_rate_interpolation\project\stomp_extrap_modflow\surf_rate_interp.csproj	b745140d39b9e32270c2d8ff585ac434c65fd80cac11c09e883f271ff905ba49

###Finished Process###  
###################### 
################################ 
INFO--05/08/2020 10:45:29 AM--Starting CA-CIE Tool Runner.	Logging to "win64\sri_build.log"
INFO--05/08/2020 10:45:33 AM--Code Version: 6a972494db2300f4ada263b11ffd42e5490c9bf1 v2.14: S:\PSC\!HANFORD\ICF\CA-CIE-Tools\CA-CIE-Tools\pylib\runner\runner.py<--1bcfd6779e9cbdb82673405873a8e5e81514ae27

INFO--05/08/2020 10:45:36 AM--Code Version: 6a972494db2300f4ada263b11ffd42e5490c9bf1 v2.14: S:\PSC\!HANFORD\ICF\CA-CIE-Tools\CA-CIE-Tools\pylib\fingerprint\fingerprint.py<--e9692a4faec2ee264fe50417b6b6a516ba82b2f6

INFO--05/08/2020 10:45:40 AM--QA Status: QUALIFIED : S:\PSC\!HANFORD\ICF\CA-CIE-Tools\CA-CIE-Tools\pylib\runner\runner.py
INFO--05/08/2020 10:45:44 AM--QA Status: QUALIFIED : S:\PSC\!HANFORD\ICF\CA-CIE-Tools\CA-CIE-Tools\pylib\fingerprint\fingerprint.py
INFO--05/08/2020 10:45:44 AM--Invoking Command:"python"	with Arguments:"S:\PSC\!HANFORD\ICF\CA-CIE-Tools\CA-CIE-Tools\pylib\fingerprint\fingerprint.py C:\tools\ca-cie-tools\SCT\tools\surf_rate_interpolation\project\stomp_extrap_modflow\data --output C:\tools\ca-cie-tools\SCT\tools\surf_rate_interpolation\win64\sri_build.log --outputmode a"
INFO--05/08/2020 10:45:44 AM--Username:NPowers	Computer:PSC-Potassium	Platform:Windows 10 10.0.18362
Fingerprint generated at 2020-05-08 10:45:44.942919
Total for 8 files	8b496a00d2236291a3ff503dfc56eee280f2bbf9fa1a81ddfef68ecf88af3249

C:\tools\ca-cie-tools\SCT\tools\surf_rate_interpolation\project\stomp_extrap_modflow\data\cellData.cs	3db4dce5fc5934be8163420c54b93b7e59a113d637d6442a16a40e9eeebd7f43
C:\tools\ca-cie-tools\SCT\tools\surf_rate_interpolation\project\stomp_extrap_modflow\data\columns.cs	2da619bee9682092e84cf31e7646c562fa06003f1897ed22b53af0347f7097b0
C:\tools\ca-cie-tools\SCT\tools\surf_rate_interpolation\project\stomp_extrap_modflow\data\datafile.cs	8fcb26225f59ea9dbaf7c3e2f1247bfbe3fb20d6ab3e164bc6435acf65903391
C:\tools\ca-cie-tools\SCT\tools\surf_rate_interpolation\project\stomp_extrap_modflow\data\exp_data.cs	ace0de7f8d244607477c2fd7ffe9602686c7e6a06ff59e933c7d958b4e78767f
C:\tools\ca-cie-tools\SCT\tools\surf_rate_interpolation\project\stomp_extrap_modflow\data\hssFile.cs	5ea92adfbb2a5a184280498c5ba3bcd7899f90dfd56c3b79e41a7ad87752b713
C:\tools\ca-cie-tools\SCT\tools\surf_rate_interpolation\project\stomp_extrap_modflow\data\hss_data_files.cs	a5eea2cd107e14beef161614a3d1b249d431062b79f15c595bf26d8fa1568072
C:\tools\ca-cie-tools\SCT\tools\surf_rate_interpolation\project\stomp_extrap_modflow\data\imp_data.cs	d9625c67293fe2c75917659afc615431f0592120ab2f4bde8017b409704805f2
C:\tools\ca-cie-tools\SCT\tools\surf_rate_interpolation\project\stomp_extrap_modflow\data\water_table.cs	66e0591c955b737ab9c2a0f720616050726bc0318614ec862f4906e180943849
###Finished Process###  
###################### 
################################ 
INFO--05/08/2020 10:45:45 AM--Starting CA-CIE Tool Runner.	Logging to "win64\sri_build.log"
INFO--05/08/2020 10:45:49 AM--Code Version: 6a972494db2300f4ada263b11ffd42e5490c9bf1 v2.14: S:\PSC\!HANFORD\ICF\CA-CIE-Tools\CA-CIE-Tools\pylib\runner\runner.py<--1bcfd6779e9cbdb82673405873a8e5e81514ae27

INFO--05/08/2020 10:45:52 AM--Code Version: 6a972494db2300f4ada263b11ffd42e5490c9bf1 v2.14: S:\PSC\!HANFORD\ICF\CA-CIE-Tools\CA-CIE-Tools\pylib\fingerprint\fingerprint.py<--e9692a4faec2ee264fe50417b6b6a516ba82b2f6

INFO--05/08/2020 10:45:56 AM--QA Status: QUALIFIED : S:\PSC\!HANFORD\ICF\CA-CIE-Tools\CA-CIE-Tools\pylib\runner\runner.py
INFO--05/08/2020 10:46:00 AM--QA Status: QUALIFIED : S:\PSC\!HANFORD\ICF\CA-CIE-Tools\CA-CIE-Tools\pylib\fingerprint\fingerprint.py
INFO--05/08/2020 10:46:00 AM--Invoking Command:"python"	with Arguments:"S:\PSC\!HANFORD\ICF\CA-CIE-Tools\CA-CIE-Tools\pylib\fingerprint\fingerprint.py C:\tools\ca-cie-tools\SCT\tools\surf_rate_interpolation\project\stomp_extrap_modflow\framework --output C:\tools\ca-cie-tools\SCT\tools\surf_rate_interpolation\win64\sri_build.log --outputmode a"
INFO--05/08/2020 10:46:00 AM--Username:NPowers	Computer:PSC-Potassium	Platform:Windows 10 10.0.18362
Fingerprint generated at 2020-05-08 10:46:00.952628
Total for 6 files	e5f12ebee68f7e765ff288da815497c64305ddad2d6c3b9e3ee23781810d20f1

C:\tools\ca-cie-tools\SCT\tools\surf_rate_interpolation\project\stomp_extrap_modflow\framework\WaitCursor.cs	d59ee535d05bb7ead62cf32c3fe10071b299fe5370e5d26fe6ded905345ba321
C:\tools\ca-cie-tools\SCT\tools\surf_rate_interpolation\project\stomp_extrap_modflow\framework\hssp.cs	117c889fff05a6beb48ebca2afad2c910cc119a4d7b45f25eec020ad782eb3f0
C:\tools\ca-cie-tools\SCT\tools\surf_rate_interpolation\project\stomp_extrap_modflow\framework\hssp_threaded.cs	a7000a83d8d64e2a4502fd9a8e2ca947b0e6cbe019e1e0071b430fabda345c11
C:\tools\ca-cie-tools\SCT\tools\surf_rate_interpolation\project\stomp_extrap_modflow\framework\interpolate_data.cs	c99a124cd8438749c459c875dd5b542f5d0e988c45e7a51b7a99f1ba3d2d2df4
C:\tools\ca-cie-tools\SCT\tools\surf_rate_interpolation\project\stomp_extrap_modflow\framework\outputs.cs	aadfa60a0da194d9e4b5ba66d33cbb8474bcdce3f99d89203b177eaff4f0dace
C:\tools\ca-cie-tools\SCT\tools\surf_rate_interpolation\project\stomp_extrap_modflow\framework\process_srf.cs	a40e74cec55958fc94d0ee49acfdccbd7f90461a329bd35191c572fa7e15bed6
###Finished Process###  
###################### 
################################ 
INFO--05/08/2020 10:46:01 AM--Starting CA-CIE Tool Runner.	Logging to "win64\sri_build.log"
INFO--05/08/2020 10:46:05 AM--Code Version: 6a972494db2300f4ada263b11ffd42e5490c9bf1 v2.14: S:\PSC\!HANFORD\ICF\CA-CIE-Tools\CA-CIE-Tools\pylib\runner\runner.py<--1bcfd6779e9cbdb82673405873a8e5e81514ae27

INFO--05/08/2020 10:46:08 AM--Code Version: 6a972494db2300f4ada263b11ffd42e5490c9bf1 v2.14: S:\PSC\!HANFORD\ICF\CA-CIE-Tools\CA-CIE-Tools\pylib\fingerprint\fingerprint.py<--e9692a4faec2ee264fe50417b6b6a516ba82b2f6

INFO--05/08/2020 10:46:13 AM--QA Status: QUALIFIED : S:\PSC\!HANFORD\ICF\CA-CIE-Tools\CA-CIE-Tools\pylib\runner\runner.py
INFO--05/08/2020 10:46:17 AM--QA Status: QUALIFIED : S:\PSC\!HANFORD\ICF\CA-CIE-Tools\CA-CIE-Tools\pylib\fingerprint\fingerprint.py
INFO--05/08/2020 10:46:17 AM--Invoking Command:"python"	with Arguments:"S:\PSC\!HANFORD\ICF\CA-CIE-Tools\CA-CIE-Tools\pylib\fingerprint\fingerprint.py C:\tools\ca-cie-tools\SCT\tools\surf_rate_interpolation\project\stomp_extrap_modflow\gui --output C:\tools\ca-cie-tools\SCT\tools\surf_rate_interpolation\win64\sri_build.log --outputmode a"
INFO--05/08/2020 10:46:17 AM--Username:NPowers	Computer:PSC-Potassium	Platform:Windows 10 10.0.18362
Fingerprint generated at 2020-05-08 10:46:18.082733
Total for 11 files	f3bf479f9ef42974c37c276089d62492403cb9e7a90be7230b9d5324f5eea34e

C:\tools\ca-cie-tools\SCT\tools\surf_rate_interpolation\project\stomp_extrap_modflow\gui\DataGridDoubleColumn.cs	d278b40185b6438181fbd57a817eddaf58ee9885da6a6e6282a5cbcfdfe92231
C:\tools\ca-cie-tools\SCT\tools\surf_rate_interpolation\project\stomp_extrap_modflow\gui\Interpolate.xaml	5dace9455ac44912f3e6c184422de9f9f427347a642baa689e2598edbfbeb192
C:\tools\ca-cie-tools\SCT\tools\surf_rate_interpolation\project\stomp_extrap_modflow\gui\Interpolate.xaml.cs	432b1d8b4947442ae430b11e66d5becfe7cce4c8169964dcc09b686a38067234
C:\tools\ca-cie-tools\SCT\tools\surf_rate_interpolation\project\stomp_extrap_modflow\gui\buildHSS.xaml	6843fe9d6a3e16889ce8f772f566ba662a632ad4919eb949eea18ab75b45934b
C:\tools\ca-cie-tools\SCT\tools\surf_rate_interpolation\project\stomp_extrap_modflow\gui\buildHSS.xaml.cs	f71b0a5275d66c7d084069fccd319c4659c00c31dd97e5165a25b29836ef07c7
C:\tools\ca-cie-tools\SCT\tools\surf_rate_interpolation\project\stomp_extrap_modflow\gui\columnSetting.xaml	b1b6bae34328792e35fcdd5e024c8f5f1dc0c6e9ce5e561fe9f9f0e3bd209217
C:\tools\ca-cie-tools\SCT\tools\surf_rate_interpolation\project\stomp_extrap_modflow\gui\columnSetting.xaml.cs	dde6685b9de172af91d8beaa5408eac50707111a0d132a9c9224061495065006
C:\tools\ca-cie-tools\SCT\tools\surf_rate_interpolation\project\stomp_extrap_modflow\gui\gridSettings.xaml	657848a18464ac3b5057350b20de0469ed0729eff8079e12031bbb5eeffaea2d
C:\tools\ca-cie-tools\SCT\tools\surf_rate_interpolation\project\stomp_extrap_modflow\gui\gridSettings.xaml.cs	5520d4bece36da8339d48c006abd1b9edaa5dc97e1ea8edacaed5e7fb62073b6
C:\tools\ca-cie-tools\SCT\tools\surf_rate_interpolation\project\stomp_extrap_modflow\gui\largeWindow.xaml	5367ae86c2d014365e50ced4f4b504bf4df2d199bb6b3a01520659312f054c04
C:\tools\ca-cie-tools\SCT\tools\surf_rate_interpolation\project\stomp_extrap_modflow\gui\largeWindow.xaml.cs	38325344eb3f4f3f2792a2638261bc265a40c1dbfa78c2c45093bfb8647cc88b
###Finished Process###  
###################### 
################################ 
INFO--05/08/2020 10:46:18 AM--Starting CA-CIE Tool Runner.	Logging to "win64\sri_build.log"
INFO--05/08/2020 10:46:22 AM--Code Version: 6a972494db2300f4ada263b11ffd42e5490c9bf1 v2.14: S:\PSC\!HANFORD\ICF\CA-CIE-Tools\CA-CIE-Tools\pylib\runner\runner.py<--1bcfd6779e9cbdb82673405873a8e5e81514ae27

INFO--05/08/2020 10:46:26 AM--Code Version: 6a972494db2300f4ada263b11ffd42e5490c9bf1 v2.14: S:\PSC\!HANFORD\ICF\CA-CIE-Tools\CA-CIE-Tools\pylib\fingerprint\fingerprint.py<--e9692a4faec2ee264fe50417b6b6a516ba82b2f6

INFO--05/08/2020 10:46:31 AM--QA Status: QUALIFIED : S:\PSC\!HANFORD\ICF\CA-CIE-Tools\CA-CIE-Tools\pylib\runner\runner.py
INFO--05/08/2020 10:46:35 AM--QA Status: QUALIFIED : S:\PSC\!HANFORD\ICF\CA-CIE-Tools\CA-CIE-Tools\pylib\fingerprint\fingerprint.py
INFO--05/08/2020 10:46:35 AM--Invoking Command:"python"	with Arguments:"S:\PSC\!HANFORD\ICF\CA-CIE-Tools\CA-CIE-Tools\pylib\fingerprint\fingerprint.py C:\tools\ca-cie-tools\SCT\tools\surf_rate_interpolation\project\stomp_extrap_modflow\properties --output C:\tools\ca-cie-tools\SCT\tools\surf_rate_interpolation\win64\sri_build.log --outputmode a"
INFO--05/08/2020 10:46:35 AM--Username:NPowers	Computer:PSC-Potassium	Platform:Windows 10 10.0.18362
Fingerprint generated at 2020-05-08 10:46:36.209748
Total for 5 files	30809eb1df80605fee856fb8542eb2d29a86cfd60811be94c71e9057627fe749

C:\tools\ca-cie-tools\SCT\tools\surf_rate_interpolation\project\stomp_extrap_modflow\properties\AssemblyInfo.cs	11bf3402b63bb0cb8e463018c098f3d04c8bfd602b873d73b04bf381ebb78d7f
C:\tools\ca-cie-tools\SCT\tools\surf_rate_interpolation\project\stomp_extrap_modflow\properties\Resources.Designer.cs	80b46f12ef48f7e86118fa8b88ae88bd5d9fa9c790625c2b1377e48c4c9f1abe
C:\tools\ca-cie-tools\SCT\tools\surf_rate_interpolation\project\stomp_extrap_modflow\properties\Resources.resx	66b5ebd1b0fc73f041ba669ce2184f6f471d5e3524efa34ca31233e9f5395262
C:\tools\ca-cie-tools\SCT\tools\surf_rate_interpolation\project\stomp_extrap_modflow\properties\Settings.Designer.cs	fe3f5df83fbb1a034809a5c270293d9b67649709b861945358607a3dd1221384
C:\tools\ca-cie-tools\SCT\tools\surf_rate_interpolation\project\stomp_extrap_modflow\properties\Settings.settings	106b3f631d8b6cc259b560f24669740333a27d279e05944a4394e67800fa4f8c
###Finished Process###  
###################### 
################################ 
INFO--05/08/2020 10:46:37 AM--Starting CA-CIE Tool Runner.	Logging to "win64\sri_build.log"
INFO--05/08/2020 10:46:41 AM--Code Version: 6a972494db2300f4ada263b11ffd42e5490c9bf1 v2.14: S:\PSC\!HANFORD\ICF\CA-CIE-Tools\CA-CIE-Tools\pylib\runner\runner.py<--1bcfd6779e9cbdb82673405873a8e5e81514ae27

INFO--05/08/2020 10:46:44 AM--Code Version: 6a972494db2300f4ada263b11ffd42e5490c9bf1 v2.14: S:\PSC\!HANFORD\ICF\CA-CIE-Tools\CA-CIE-Tools\pylib\fingerprint\fingerprint.py<--e9692a4faec2ee264fe50417b6b6a516ba82b2f6

INFO--05/08/2020 10:46:49 AM--QA Status: QUALIFIED : S:\PSC\!HANFORD\ICF\CA-CIE-Tools\CA-CIE-Tools\pylib\runner\runner.py
INFO--05/08/2020 10:46:53 AM--QA Status: QUALIFIED : S:\PSC\!HANFORD\ICF\CA-CIE-Tools\CA-CIE-Tools\pylib\fingerprint\fingerprint.py
INFO--05/08/2020 10:46:53 AM--Invoking Command:"python"	with Arguments:"S:\PSC\!HANFORD\ICF\CA-CIE-Tools\CA-CIE-Tools\pylib\fingerprint\fingerprint.py C:\tools\ca-cie-tools\SCT\tools\surf_rate_interpolation\project\stomp_extrap_modflow\utility --output C:\tools\ca-cie-tools\SCT\tools\surf_rate_interpolation\win64\sri_build.log --outputmode a"
INFO--05/08/2020 10:46:53 AM--Username:NPowers	Computer:PSC-Potassium	Platform:Windows 10 10.0.18362
Fingerprint generated at 2020-05-08 10:46:54.176808
Total for 2 files	fe7b2658b7ed0c359956d9b4b58b2e927fbf541b837410db433da5781dbdcbe9

C:\tools\ca-cie-tools\SCT\tools\surf_rate_interpolation\project\stomp_extrap_modflow\utility\UiServices.cs	05ad3125929d510d61b205434fb69fd051690d03d81e49f61b38ae57b5f1c484
C:\tools\ca-cie-tools\SCT\tools\surf_rate_interpolation\project\stomp_extrap_modflow\utility\WaitCursor.cs	043f12371977eb6dd08d3063430c041b9c749e11670a725e884e10a74799c998
###Finished Process###  
###################### 
############################################### 
###Compiling Surface Rate Interpolation Tool### 
INFO--05/08/2020 10:46:55 AM--Starting CA-CIE Tool Runner.	Logging to "win64\sri_build.log"
INFO--05/08/2020 10:46:58 AM--Code Version: 6a972494db2300f4ada263b11ffd42e5490c9bf1 v2.14: S:\PSC\!HANFORD\ICF\CA-CIE-Tools\CA-CIE-Tools\pylib\runner\runner.py<--1bcfd6779e9cbdb82673405873a8e5e81514ae27

INFO--05/08/2020 10:46:59 AM--Code Version: Not a valid tool path : project\surf_rate_interp.sln<--e33da78d0624fd481405b69dc556b827e02a0310

INFO--05/08/2020 10:47:03 AM--QA Status: QUALIFIED : S:\PSC\!HANFORD\ICF\CA-CIE-Tools\CA-CIE-Tools\pylib\runner\runner.py
INFO--05/08/2020 10:47:03 AM--QA Status: TEST : project\surf_rate_interp.sln
INFO--05/08/2020 10:47:03 AM--Invoking Command:"msbuild"	with Arguments:"project\surf_rate_interp.sln -p:Configuration=win64"
INFO--05/08/2020 10:47:03 AM--Username:NPowers	Computer:PSC-Potassium	Platform:Windows 10 10.0.18362
###Finished Process###  
###################### 
################################ 
INFO--05/08/2020 10:47:07 AM--Starting CA-CIE Tool Runner.	Logging to "win64\sri_build.log"
INFO--05/08/2020 10:47:10 AM--Code Version: 6a972494db2300f4ada263b11ffd42e5490c9bf1 v2.14: S:\PSC\!HANFORD\ICF\CA-CIE-Tools\CA-CIE-Tools\pylib\runner\runner.py<--1bcfd6779e9cbdb82673405873a8e5e81514ae27

INFO--05/08/2020 10:47:13 AM--Code Version: 6a972494db2300f4ada263b11ffd42e5490c9bf1 v2.14: S:\PSC\!HANFORD\ICF\CA-CIE-Tools\CA-CIE-Tools\pylib\fingerprint\fingerprint.py<--e9692a4faec2ee264fe50417b6b6a516ba82b2f6

INFO--05/08/2020 10:47:17 AM--QA Status: QUALIFIED : S:\PSC\!HANFORD\ICF\CA-CIE-Tools\CA-CIE-Tools\pylib\runner\runner.py
INFO--05/08/2020 10:47:21 AM--QA Status: QUALIFIED : S:\PSC\!HANFORD\ICF\CA-CIE-Tools\CA-CIE-Tools\pylib\fingerprint\fingerprint.py
INFO--05/08/2020 10:47:21 AM--Invoking Command:"python"	with Arguments:"S:\PSC\!HANFORD\ICF\CA-CIE-Tools\CA-CIE-Tools\pylib\fingerprint\fingerprint.py C:\tools\ca-cie-tools\SCT\tools\surf_rate_interpolation\win64\surf_rate_interp_win_intel_64.exe --output C:\tools\ca-cie-tools\SCT\tools\surf_rate_interpolation\win64\sri_build.log --outputmode a"
INFO--05/08/2020 10:47:21 AM--Username:NPowers	Computer:PSC-Potassium	Platform:Windows 10 10.0.18362
Fingerprint generated at 2020-05-08 10:47:21.553955
C:\tools\ca-cie-tools\SCT\tools\surf_rate_interpolation\win64\surf_rate_interp_win_intel_64.exe	6cd686f12c0ec5b3e2378c08875311027d4b1203e6dcea5ab7c940b6748b7c7f

###Finished Process###  
###################### 
################################ 
INFO--05/08/2020 10:47:22 AM--Starting CA-CIE Tool Runner.	Logging to "win64\sri_build.log"
INFO--05/08/2020 10:47:26 AM--Code Version: 6a972494db2300f4ada263b11ffd42e5490c9bf1 v2.14: S:\PSC\!HANFORD\ICF\CA-CIE-Tools\CA-CIE-Tools\pylib\runner\runner.py<--1bcfd6779e9cbdb82673405873a8e5e81514ae27

INFO--05/08/2020 10:47:29 AM--Code Version: 6a972494db2300f4ada263b11ffd42e5490c9bf1 v2.14: S:\PSC\!HANFORD\ICF\CA-CIE-Tools\CA-CIE-Tools\pylib\fingerprint\fingerprint.py<--e9692a4faec2ee264fe50417b6b6a516ba82b2f6

INFO--05/08/2020 10:47:34 AM--QA Status: QUALIFIED : S:\PSC\!HANFORD\ICF\CA-CIE-Tools\CA-CIE-Tools\pylib\runner\runner.py
INFO--05/08/2020 10:47:39 AM--QA Status: QUALIFIED : S:\PSC\!HANFORD\ICF\CA-CIE-Tools\CA-CIE-Tools\pylib\fingerprint\fingerprint.py
INFO--05/08/2020 10:47:39 AM--Invoking Command:"python"	with Arguments:"S:\PSC\!HANFORD\ICF\CA-CIE-Tools\CA-CIE-Tools\pylib\fingerprint\fingerprint.py C:\tools\ca-cie-tools\SCT\tools\surf_rate_interpolation\win64\Microsoft.WindowsAPICodePack.Shell.dll --output C:\tools\ca-cie-tools\SCT\tools\surf_rate_interpolation\win64\sri_build.log --outputmode a"
INFO--05/08/2020 10:47:39 AM--Username:NPowers	Computer:PSC-Potassium	Platform:Windows 10 10.0.18362
Fingerprint generated at 2020-05-08 10:47:40.518241
C:\tools\ca-cie-tools\SCT\tools\surf_rate_interpolation\win64\Microsoft.WindowsAPICodePack.Shell.dll	e6fa9d9e34ff3bf63ce782654b14e4b54a3abd1022c87bc099032c2948157672

###Finished Process###  
###################### 
################################ 
INFO--05/08/2020 10:47:41 AM--Starting CA-CIE Tool Runner.	Logging to "win64\sri_build.log"
INFO--05/08/2020 10:47:46 AM--Code Version: 6a972494db2300f4ada263b11ffd42e5490c9bf1 v2.14: S:\PSC\!HANFORD\ICF\CA-CIE-Tools\CA-CIE-Tools\pylib\runner\runner.py<--1bcfd6779e9cbdb82673405873a8e5e81514ae27

INFO--05/08/2020 10:47:49 AM--Code Version: 6a972494db2300f4ada263b11ffd42e5490c9bf1 v2.14: S:\PSC\!HANFORD\ICF\CA-CIE-Tools\CA-CIE-Tools\pylib\fingerprint\fingerprint.py<--e9692a4faec2ee264fe50417b6b6a516ba82b2f6

INFO--05/08/2020 10:47:54 AM--QA Status: QUALIFIED : S:\PSC\!HANFORD\ICF\CA-CIE-Tools\CA-CIE-Tools\pylib\runner\runner.py
INFO--05/08/2020 10:47:58 AM--QA Status: QUALIFIED : S:\PSC\!HANFORD\ICF\CA-CIE-Tools\CA-CIE-Tools\pylib\fingerprint\fingerprint.py
INFO--05/08/2020 10:47:58 AM--Invoking Command:"python"	with Arguments:"S:\PSC\!HANFORD\ICF\CA-CIE-Tools\CA-CIE-Tools\pylib\fingerprint\fingerprint.py C:\tools\ca-cie-tools\SCT\tools\surf_rate_interpolation\win64\Microsoft.WindowsAPICodePack.dll --output C:\tools\ca-cie-tools\SCT\tools\surf_rate_interpolation\win64\sri_build.log --outputmode a"
INFO--05/08/2020 10:47:58 AM--Username:NPowers	Computer:PSC-Potassium	Platform:Windows 10 10.0.18362
Fingerprint generated at 2020-05-08 10:47:59.078175
C:\tools\ca-cie-tools\SCT\tools\surf_rate_interpolation\win64\Microsoft.WindowsAPICodePack.dll	808e96f59e7dd2212eace049079d25545f6c9c3f05244ec9cdc539fda18d34d6

###Finished Process###  
